<?xml version="1.0" encoding="UTF-8"?>
<coverage generated="1771272859640" clover="3.2.0">
  <project timestamp="1771272859640" name="All files">
    <metrics statements="33" coveredstatements="32" conditionals="11" coveredconditionals="8" methods="13" coveredmethods="13" elements="57" coveredelements="53" complexity="0" loc="33" ncloc="33" packages="3" files="7" classes="7"/>
    <package name="src">
      <metrics statements="14" coveredstatements="13" conditionals="6" coveredconditionals="3" methods="4" coveredmethods="4"/>
      <file name="App.css" path="C:\Users\rev\Documents\Udemmy React\02-first-steps\src\App.css">
        <metrics statements="0" coveredstatements="0" conditionals="0" coveredconditionals="0" methods="0" coveredmethods="0"/>
      </file>
      <file name="App.tsx" path="C:\Users\rev\Documents\Udemmy React\02-first-steps\src\App.tsx">
        <metrics statements="3" coveredstatements="3" conditionals="0" coveredconditionals="0" methods="2" coveredmethods="2"/>
        <line num="13" count="1" type="stmt"/>
        <line num="27" count="3" type="stmt"/>
        <line num="32" count="9" type="stmt"/>
      </file>
      <file name="MyAwesomeApp.tsx" path="C:\Users\rev\Documents\Udemmy React\02-first-steps\src\MyAwesomeApp.tsx">
        <metrics statements="11" coveredstatements="10" conditionals="6" coveredconditionals="3" methods="2" coveredmethods="2"/>
        <line num="3" count="1" type="stmt"/>
        <line num="4" count="1" type="stmt"/>
        <line num="6" count="1" type="stmt"/>
        <line num="8" count="1" type="stmt"/>
        <line num="10" count="1" type="stmt"/>
        <line num="17" count="1" type="stmt"/>
        <line num="18" count="2" type="cond" truecount="1" falsecount="1"/>
        <line num="19" count="2" type="stmt"/>
        <line num="21" count="0" type="stmt"/>
        <line num="25" count="1" type="stmt"/>
        <line num="32" count="2" type="stmt"/>
      </file>
    </package>
    <package name="src.helpers">
      <metrics statements="8" coveredstatements="8" conditionals="0" coveredconditionals="0" methods="4" coveredmethods="4"/>
      <file name="math.helper.ts" path="C:\Users\rev\Documents\Udemmy React\02-first-steps\src\helpers\math.helper.ts">
        <metrics statements="8" coveredstatements="8" conditionals="0" coveredconditionals="0" methods="4" coveredmethods="4"/>
        <line num="1" count="1" type="stmt"/>
        <line num="2" count="2" type="stmt"/>
        <line num="5" count="1" type="stmt"/>
        <line num="6" count="2" type="stmt"/>
        <line num="8" count="1" type="stmt"/>
        <line num="9" count="2" type="stmt"/>
        <line num="11" count="1" type="stmt"/>
        <line num="12" count="2" type="stmt"/>
      </file>
    </package>
    <package name="src.shopping-cart">
      <metrics statements="11" coveredstatements="11" conditionals="5" coveredconditionals="5" methods="5" coveredmethods="5"/>
      <file name="item-counter.css" path="C:\Users\rev\Documents\Udemmy React\02-first-steps\src\shopping-cart\item-counter.css">
        <metrics statements="0" coveredstatements="0" conditionals="0" coveredconditionals="0" methods="0" coveredmethods="0"/>
      </file>
      <file name="item-counter.module.css" path="C:\Users\rev\Documents\Udemmy React\02-first-steps\src\shopping-cart\item-counter.module.css">
        <metrics statements="0" coveredstatements="0" conditionals="0" coveredconditionals="0" methods="0" coveredmethods="0"/>
      </file>
      <file name="item-counter.tsx" path="C:\Users\rev\Documents\Udemmy React\02-first-steps\src\shopping-cart\item-counter.tsx">
        <metrics statements="11" coveredstatements="11" conditionals="5" coveredconditionals="5" methods="5" coveredmethods="5"/>
        <line num="16" count="1" type="cond" truecount="1" falsecount="0"/>
        <line num="18" count="9" type="stmt"/>
        <line num="20" count="9" type="stmt"/>
        <line num="22" count="1" type="stmt"/>
        <line num="23" count="1" type="stmt"/>
        <line num="25" count="9" type="stmt"/>
        <line num="26" count="2" type="cond" truecount="2" falsecount="0"/>
        <line num="28" count="1" type="stmt"/>
        <line num="31" count="9" type="stmt"/>
        <line num="36" count="1" type="stmt"/>
        <line num="41" count="2" type="stmt"/>
      </file>
    </package>
  </project>
</coverage>
