{"C:\\Users\\rev\\Documents\\Udemmy React\\02-first-steps\\src\\App.css": {"path":"C:\\Users\\rev\\Documents\\Udemmy React\\02-first-steps\\src\\App.css","statementMap":{},"fnMap":{},"branchMap":{},"s":{},"f":{},"b":{},"meta":{"lastBranch":0,"lastFunction":0,"lastStatement":0,"seen":{}}}
,"C:\\Users\\rev\\Documents\\Udemmy React\\02-first-steps\\src\\App.tsx": {"path":"C:\\Users\\rev\\Documents\\Udemmy React\\02-first-steps\\src\\App.tsx","statementMap":{"0":{"start":{"line":13,"column":34},"end":{"line":23,"column":null}},"1":{"start":{"line":27,"column":2},"end":{"line":33,"column":null}},"2":{"start":{"line":32,"column":47},"end":{"line":33,"column":null}}},"fnMap":{"0":{"name":"App","decl":{"start":{"line":25,"column":9},"end":{"line":25,"column":null}},"loc":{"start":{"line":25,"column":9},"end":{"line":38,"column":null}},"line":25},"1":{"name":"(anonymous_1)","decl":{"start":{"line":32,"column":23},"end":{"line":32,"column":24}},"loc":{"start":{"line":32,"column":47},"end":{"line":33,"column":null}},"line":32}},"branchMap":{},"s":{"0":1,"1":3,"2":9},"f":{"0":3,"1":9},"b":{},"meta":{"lastBranch":0,"lastFunction":2,"lastStatement":3,"seen":{"s:13:34:23:Infinity":0,"f:25:9:25:Infinity":0,"s:27:2:33:Infinity":1,"f:32:23:32:24":1,"s:32:47:33:Infinity":2}}}
,"C:\\Users\\rev\\Documents\\Udemmy React\\02-first-steps\\src\\MyAwesomeApp.tsx": {"path":"C:\\Users\\rev\\Documents\\Udemmy React\\02-first-steps\\src\\MyAwesomeApp.tsx","statementMap":{"0":{"start":{"line":3,"column":18},"end":{"line":3,"column":null}},"1":{"start":{"line":4,"column":17},"end":{"line":4,"column":null}},"2":{"start":{"line":6,"column":22},"end":{"line":6,"column":null}},"3":{"start":{"line":8,"column":20},"end":{"line":8,"column":null}},"4":{"start":{"line":10,"column":37},"end":{"line":14,"column":null}},"5":{"start":{"line":17,"column":18},"end":{"line":23,"column":null}},"6":{"start":{"line":18,"column":2},"end":{"line":22,"column":null}},"7":{"start":{"line":19,"column":4},"end":{"line":19,"column":null}},"8":{"start":{"line":21,"column":4},"end":{"line":21,"column":null}},"9":{"start":{"line":25,"column":16},"end":{"line":29,"column":null}},"10":{"start":{"line":32,"column":2},"end":{"line":40,"column":null}}},"fnMap":{"0":{"name":"(anonymous_0)","decl":{"start":{"line":17,"column":18},"end":{"line":17,"column":null}},"loc":{"start":{"line":17,"column":18},"end":{"line":23,"column":null}},"line":17},"1":{"name":"MyAswesomeApp","decl":{"start":{"line":31,"column":9},"end":{"line":31,"column":null}},"loc":{"start":{"line":31,"column":9},"end":{"line":43,"column":null}},"line":31}},"branchMap":{"0":{"loc":{"start":{"line":12,"column":16},"end":{"line":12,"column":null}},"type":"cond-expr","locations":[{"start":{"line":12,"column":30},"end":{"line":12,"column":35}},{"start":{"line":12,"column":35},"end":{"line":12,"column":null}}],"line":12},"1":{"loc":{"start":{"line":18,"column":2},"end":{"line":22,"column":null}},"type":"if","locations":[{"start":{"line":18,"column":2},"end":{"line":22,"column":null}},{"start":{"line":20,"column":9},"end":{"line":22,"column":null}}],"line":18},"2":{"loc":{"start":{"line":37,"column":69},"end":{"line":37,"column":null}},"type":"cond-expr","locations":[{"start":{"line":37,"column":83},"end":{"line":37,"column":99}},{"start":{"line":37,"column":99},"end":{"line":37,"column":null}}],"line":37}},"s":{"0":1,"1":1,"2":1,"3":1,"4":1,"5":1,"6":2,"7":2,"8":0,"9":1,"10":2},"f":{"0":2,"1":2},"b":{"0":[1,0],"1":[2,0],"2":[2,0]},"meta":{"lastBranch":3,"lastFunction":2,"lastStatement":11,"seen":{"s:3:18:3:Infinity":0,"s:4:17:4:Infinity":1,"s:6:22:6:Infinity":2,"s:8:20:8:Infinity":3,"s:10:37:14:Infinity":4,"b:12:30:12:35:12:35:12:Infinity":0,"s:17:18:23:Infinity":5,"f:17:18:17:Infinity":0,"b:18:2:22:Infinity:20:9:22:Infinity":1,"s:18:2:22:Infinity":6,"s:19:4:19:Infinity":7,"s:21:4:21:Infinity":8,"s:25:16:29:Infinity":9,"f:31:9:31:Infinity":1,"s:32:2:40:Infinity":10,"b:37:83:37:99:37:99:37:Infinity":2}}}
,"C:\\Users\\rev\\Documents\\Udemmy React\\02-first-steps\\src\\helpers\\math.helper.ts": {"path":"C:\\Users\\rev\\Documents\\Udemmy React\\02-first-steps\\src\\helpers\\math.helper.ts","statementMap":{"0":{"start":{"line":1,"column":19},"end":{"line":3,"column":null}},"1":{"start":{"line":2,"column":4},"end":{"line":2,"column":null}},"2":{"start":{"line":5,"column":23},"end":{"line":7,"column":null}},"3":{"start":{"line":6,"column":4},"end":{"line":6,"column":null}},"4":{"start":{"line":8,"column":24},"end":{"line":10,"column":null}},"5":{"start":{"line":9,"column":4},"end":{"line":9,"column":null}},"6":{"start":{"line":11,"column":22},"end":{"line":13,"column":null}},"7":{"start":{"line":12,"column":4},"end":{"line":12,"column":null}}},"fnMap":{"0":{"name":"(anonymous_0)","decl":{"start":{"line":1,"column":19},"end":{"line":1,"column":20}},"loc":{"start":{"line":1,"column":31},"end":{"line":3,"column":null}},"line":1},"1":{"name":"(anonymous_1)","decl":{"start":{"line":5,"column":23},"end":{"line":5,"column":24}},"loc":{"start":{"line":5,"column":35},"end":{"line":7,"column":null}},"line":5},"2":{"name":"(anonymous_2)","decl":{"start":{"line":8,"column":24},"end":{"line":8,"column":25}},"loc":{"start":{"line":8,"column":36},"end":{"line":10,"column":null}},"line":8},"3":{"name":"(anonymous_3)","decl":{"start":{"line":11,"column":22},"end":{"line":11,"column":23}},"loc":{"start":{"line":11,"column":34},"end":{"line":13,"column":null}},"line":11}},"branchMap":{},"s":{"0":1,"1":2,"2":1,"3":2,"4":1,"5":2,"6":1,"7":2},"f":{"0":2,"1":2,"2":2,"3":2},"b":{},"meta":{"lastBranch":0,"lastFunction":4,"lastStatement":8,"seen":{"s:1:19:3:Infinity":0,"f:1:19:1:20":0,"s:2:4:2:Infinity":1,"s:5:23:7:Infinity":2,"f:5:23:5:24":1,"s:6:4:6:Infinity":3,"s:8:24:10:Infinity":4,"f:8:24:8:25":2,"s:9:4:9:Infinity":5,"s:11:22:13:Infinity":6,"f:11:22:11:23":3,"s:12:4:12:Infinity":7}}}
,"C:\\Users\\rev\\Documents\\Udemmy React\\02-first-steps\\src\\shopping-cart\\item-counter.css": {"path":"C:\\Users\\rev\\Documents\\Udemmy React\\02-first-steps\\src\\shopping-cart\\item-counter.css","statementMap":{},"fnMap":{},"branchMap":{},"s":{},"f":{},"b":{},"meta":{"lastBranch":0,"lastFunction":0,"lastStatement":0,"seen":{}}}
,"C:\\Users\\rev\\Documents\\Udemmy React\\02-first-steps\\src\\shopping-cart\\item-counter.module.css": {"path":"C:\\Users\\rev\\Documents\\Udemmy React\\02-first-steps\\src\\shopping-cart\\item-counter.module.css","statementMap":{},"fnMap":{},"branchMap":{},"s":{},"f":{},"b":{},"meta":{"lastBranch":0,"lastFunction":0,"lastStatement":0,"seen":{}}}
,"C:\\Users\\rev\\Documents\\Udemmy React\\02-first-steps\\src\\shopping-cart\\item-counter.tsx": {"path":"C:\\Users\\rev\\Documents\\Udemmy React\\02-first-steps\\src\\shopping-cart\\item-counter.tsx","statementMap":{"0":{"start":{"line":16,"column":27},"end":{"line":45,"column":null}},"1":{"start":{"line":18,"column":23},"end":{"line":18,"column":null}},"2":{"start":{"line":20,"column":23},"end":{"line":24,"column":null}},"3":{"start":{"line":22,"column":4},"end":{"line":22,"column":null}},"4":{"start":{"line":23,"column":4},"end":{"line":23,"column":null}},"5":{"start":{"line":25,"column":28},"end":{"line":29,"column":null}},"6":{"start":{"line":26,"column":4},"end":{"line":26,"column":null}},"7":{"start":{"line":26,"column":21},"end":{"line":26,"column":null}},"8":{"start":{"line":28,"column":4},"end":{"line":28,"column":null}},"9":{"start":{"line":31,"column":4},"end":{"line":42,"column":null}},"10":{"start":{"line":36,"column":16},"end":{"line":36,"column":null}},"11":{"start":{"line":41,"column":16},"end":{"line":41,"column":null}}},"fnMap":{"0":{"name":"(anonymous_0)","decl":{"start":{"line":16,"column":27},"end":{"line":16,"column":28}},"loc":{"start":{"line":16,"column":64},"end":{"line":45,"column":null}},"line":16},"1":{"name":"(anonymous_1)","decl":{"start":{"line":20,"column":23},"end":{"line":20,"column":null}},"loc":{"start":{"line":20,"column":23},"end":{"line":24,"column":null}},"line":20},"2":{"name":"(anonymous_2)","decl":{"start":{"line":25,"column":28},"end":{"line":25,"column":null}},"loc":{"start":{"line":25,"column":28},"end":{"line":29,"column":null}},"line":25},"3":{"name":"(anonymous_3)","decl":{"start":{"line":35,"column":21},"end":{"line":35,"column":null}},"loc":{"start":{"line":35,"column":21},"end":{"line":37,"column":15}},"line":35},"4":{"name":"(anonymous_4)","decl":{"start":{"line":40,"column":21},"end":{"line":40,"column":null}},"loc":{"start":{"line":40,"column":21},"end":{"line":42,"column":15}},"line":40}},"branchMap":{"0":{"loc":{"start":{"line":16,"column":36},"end":{"line":16,"column":48}},"type":"default-arg","locations":[{"start":{"line":16,"column":47},"end":{"line":16,"column":48}}],"line":16},"1":{"loc":{"start":{"line":26,"column":4},"end":{"line":26,"column":null}},"type":"if","locations":[{"start":{"line":26,"column":4},"end":{"line":26,"column":null}},{"start":{},"end":{}}],"line":26},"2":{"loc":{"start":{"line":33,"column":66},"end":{"line":33,"column":96}},"type":"cond-expr","locations":[{"start":{"line":33,"column":80},"end":{"line":33,"column":88}},{"start":{"line":33,"column":88},"end":{"line":33,"column":96}}],"line":33}},"s":{"0":1,"1":9,"2":9,"3":1,"4":1,"5":9,"6":2,"7":1,"8":1,"9":9,"10":1,"11":2},"f":{"0":9,"1":1,"2":2,"3":1,"4":2},"b":{"0":[9],"1":[1,1],"2":[4,5]},"meta":{"lastBranch":3,"lastFunction":5,"lastStatement":12,"seen":{"s:16:27:45:Infinity":0,"f:16:27:16:28":0,"b:16:47:16:48":0,"s:18:23:18:Infinity":1,"s:20:23:24:Infinity":2,"f:20:23:20:Infinity":1,"s:22:4:22:Infinity":3,"s:23:4:23:Infinity":4,"s:25:28:29:Infinity":5,"f:25:28:25:Infinity":2,"b:26:4:26:Infinity:undefined:undefined:undefined:undefined":1,"s:26:4:26:Infinity":6,"s:26:21:26:Infinity":7,"s:28:4:28:Infinity":8,"s:31:4:42:Infinity":9,"b:33:80:33:88:33:88:33:96":2,"f:35:21:35:Infinity":3,"s:36:16:36:Infinity":10,"f:40:21:40:Infinity":4,"s:41:16:41:Infinity":11}}}
}
